[0.225s] DEBUG:colcon:Command line arguments: ['/usr/bin/colcon', 'build']
[0.225s] DEBUG:colcon:Parsed command line arguments: Namespace(log_base=None, log_level=None, verb_name='build', build_base='build', install_base='install', merge_install=False, symlink_install=False, test_result_base=None, continue_on_error=False, executor='parallel', parallel_workers=6, event_handlers=None, ignore_user_meta=False, metas=['./colcon.meta'], base_paths=['.'], packages_ignore=None, packages_ignore_regex=None, paths=None, packages_up_to=None, packages_up_to_regex=None, packages_above=None, packages_above_and_dependencies=None, packages_above_depth=None, packages_select_by_dep=None, packages_skip_by_dep=None, packages_skip_up_to=None, packages_select_build_failed=False, packages_skip_build_finished=False, packages_select_test_failures=False, packages_skip_test_passed=False, packages_select=None, packages_skip=None, packages_select_regex=None, packages_skip_regex=None, packages_start=None, packages_end=None, allow_overriding=[], cmake_args=None, cmake_target=None, cmake_target_skip_unavailable=False, cmake_clean_cache=False, cmake_clean_first=False, cmake_force_configure=False, ament_cmake_args=None, catkin_cmake_args=None, catkin_skip_building_tests=False, verb_parser=<colcon_defaults.argument_parser.defaults.DefaultArgumentsDecorator object at 0xffffad58ce80>, verb_extension=<colcon_core.verb.build.BuildVerb object at 0xffffad58c970>, main=<bound method BuildVerb.main of <colcon_core.verb.build.BuildVerb object at 0xffffad58c970>>)
[0.594s] Level 1:colcon.colcon_core.package_discovery:discover_packages(colcon_meta) check parameters
[0.594s] Level 1:colcon.colcon_core.package_discovery:discover_packages(recursive) check parameters
[0.594s] Level 1:colcon.colcon_core.package_discovery:discover_packages(ignore) check parameters
[0.595s] Level 1:colcon.colcon_core.package_discovery:discover_packages(path) check parameters
[0.595s] Level 1:colcon.colcon_core.package_discovery:discover_packages(colcon_meta) discover
[0.595s] Level 1:colcon.colcon_core.package_discovery:discover_packages(recursive) discover
[0.595s] INFO:colcon.colcon_core.package_discovery:Crawling recursively for packages in '/home/snowclone/colcon_ws/src/SnowPlow2021'
[0.595s] Level 1:colcon.colcon_core.package_identification:_identify(.) by extensions ['ignore', 'ignore_ament_install']
[0.595s] Level 1:colcon.colcon_core.package_identification:_identify(.) by extension 'ignore'
[0.596s] Level 1:colcon.colcon_core.package_identification:_identify(.) by extension 'ignore_ament_install'
[0.596s] Level 1:colcon.colcon_core.package_identification:_identify(.) by extensions ['colcon_pkg']
[0.596s] Level 1:colcon.colcon_core.package_identification:_identify(.) by extension 'colcon_pkg'
[0.596s] Level 1:colcon.colcon_core.package_identification:_identify(.) by extensions ['colcon_meta']
[0.596s] Level 1:colcon.colcon_core.package_identification:_identify(.) by extension 'colcon_meta'
[0.596s] Level 1:colcon.colcon_core.package_identification:_identify(.) by extensions ['ros']
[0.596s] Level 1:colcon.colcon_core.package_identification:_identify(.) by extension 'ros'
[0.624s] DEBUG:colcon.colcon_core.package_identification:Package '.' with type 'ros.ament_python' and name 'SnowPlow2021'
[0.625s] Level 1:colcon.colcon_core.package_discovery:discover_packages(recursive) using defaults
[0.625s] Level 1:colcon.colcon_core.package_discovery:discover_packages(ignore) discover
[0.625s] Level 1:colcon.colcon_core.package_discovery:discover_packages(ignore) using defaults
[0.625s] Level 1:colcon.colcon_core.package_discovery:discover_packages(path) discover
[0.625s] Level 1:colcon.colcon_core.package_discovery:discover_packages(path) using defaults
[0.698s] Level 1:colcon.colcon_core.package_discovery:discover_packages(prefix_path) check parameters
[0.698s] Level 1:colcon.colcon_core.package_discovery:discover_packages(prefix_path) discover
[0.702s] DEBUG:colcon.colcon_installed_package_information.package_discovery:Found 5 installed packages in /home/snowclone/colcon_ws/install
[0.705s] DEBUG:colcon.colcon_installed_package_information.package_discovery:Found 379 installed packages in /opt/ros/humble
[0.709s] Level 1:colcon.colcon_core.package_discovery:discover_packages(prefix_path) using defaults
[0.807s] Level 5:colcon.colcon_core.verb:set package 'SnowPlow2021' build argument 'cmake_args' from command line to 'None'
[0.807s] Level 5:colcon.colcon_core.verb:set package 'SnowPlow2021' build argument 'cmake_target' from command line to 'None'
[0.808s] Level 5:colcon.colcon_core.verb:set package 'SnowPlow2021' build argument 'cmake_target_skip_unavailable' from command line to 'False'
[0.808s] Level 5:colcon.colcon_core.verb:set package 'SnowPlow2021' build argument 'cmake_clean_cache' from command line to 'False'
[0.808s] Level 5:colcon.colcon_core.verb:set package 'SnowPlow2021' build argument 'cmake_clean_first' from command line to 'False'
[0.808s] Level 5:colcon.colcon_core.verb:set package 'SnowPlow2021' build argument 'cmake_force_configure' from command line to 'False'
[0.808s] Level 5:colcon.colcon_core.verb:set package 'SnowPlow2021' build argument 'ament_cmake_args' from command line to 'None'
[0.808s] Level 5:colcon.colcon_core.verb:set package 'SnowPlow2021' build argument 'catkin_cmake_args' from command line to 'None'
[0.808s] Level 5:colcon.colcon_core.verb:set package 'SnowPlow2021' build argument 'catkin_skip_building_tests' from command line to 'False'
[0.808s] DEBUG:colcon.colcon_core.verb:Building package 'SnowPlow2021' with the following arguments: {'ament_cmake_args': None, 'build_base': '/home/snowclone/colcon_ws/src/SnowPlow2021/build/SnowPlow2021', 'catkin_cmake_args': None, 'catkin_skip_building_tests': False, 'cmake_args': None, 'cmake_clean_cache': False, 'cmake_clean_first': False, 'cmake_force_configure': False, 'cmake_target': None, 'cmake_target_skip_unavailable': False, 'install_base': '/home/snowclone/colcon_ws/src/SnowPlow2021/install/SnowPlow2021', 'merge_install': False, 'path': '/home/snowclone/colcon_ws/src/SnowPlow2021', 'symlink_install': False, 'test_result_base': None}
[0.808s] INFO:colcon.colcon_core.executor:Executing jobs using 'parallel' executor
[0.810s] DEBUG:colcon.colcon_parallel_executor.executor.parallel:run_until_complete
[0.811s] INFO:colcon.colcon_ros.task.ament_python.build:Building ROS package in '/home/snowclone/colcon_ws/src/SnowPlow2021' with build type 'ament_python'
[0.812s] Level 1:colcon.colcon_core.shell:create_environment_hook('SnowPlow2021', 'ament_prefix_path')
[0.816s] INFO:colcon.colcon_core.plugin_system:Skipping extension 'colcon_core.shell.bat': Not used on non-Windows systems
[0.817s] INFO:colcon.colcon_core.shell:Creating environment hook '/home/snowclone/colcon_ws/src/SnowPlow2021/install/SnowPlow2021/share/SnowPlow2021/hook/ament_prefix_path.ps1'
[0.818s] INFO:colcon.colcon_core.shell:Creating environment descriptor '/home/snowclone/colcon_ws/src/SnowPlow2021/install/SnowPlow2021/share/SnowPlow2021/hook/ament_prefix_path.dsv'
[0.819s] INFO:colcon.colcon_core.shell:Creating environment hook '/home/snowclone/colcon_ws/src/SnowPlow2021/install/SnowPlow2021/share/SnowPlow2021/hook/ament_prefix_path.sh'
[0.822s] INFO:colcon.colcon_core.shell:Skip shell extension 'powershell' for command environment: Not usable outside of PowerShell
[0.822s] DEBUG:colcon.colcon_core.shell:Skip shell extension 'dsv' for command environment
[1.411s] INFO:colcon.colcon_core.task.python.build:Building Python package in '/home/snowclone/colcon_ws/src/SnowPlow2021'
[1.411s] INFO:colcon.colcon_core.shell:Skip shell extension 'powershell' for command environment: Not usable outside of PowerShell
[1.412s] DEBUG:colcon.colcon_core.shell:Skip shell extension 'dsv' for command environment
[2.180s] DEBUG:colcon.colcon_core.event_handler.log_command:Invoking command in '/home/snowclone/colcon_ws/src/SnowPlow2021': PYTHONPATH=/home/snowclone/colcon_ws/src/SnowPlow2021/build/SnowPlow2021/prefix_override:/usr/lib/python3/dist-packages/colcon_core/task/python/colcon_distutils_commands:/home/snowclone/colcon_ws/src/SnowPlow2021/install/SnowPlow2021/lib/python3.10/site-packages:${PYTHONPATH} /usr/bin/python3 -W ignore:setup.py install is deprecated setup.py egg_info --egg-base build/SnowPlow2021 build --build-base /home/snowclone/colcon_ws/src/SnowPlow2021/build/SnowPlow2021/build install --record /home/snowclone/colcon_ws/src/SnowPlow2021/build/SnowPlow2021/install.log --single-version-externally-managed install_data
[2.865s] DEBUG:colcon.colcon_core.event_handler.log_command:Invoked command in '/home/snowclone/colcon_ws/src/SnowPlow2021' returned '0': PYTHONPATH=/home/snowclone/colcon_ws/src/SnowPlow2021/build/SnowPlow2021/prefix_override:/usr/lib/python3/dist-packages/colcon_core/task/python/colcon_distutils_commands:/home/snowclone/colcon_ws/src/SnowPlow2021/install/SnowPlow2021/lib/python3.10/site-packages:${PYTHONPATH} /usr/bin/python3 -W ignore:setup.py install is deprecated setup.py egg_info --egg-base build/SnowPlow2021 build --build-base /home/snowclone/colcon_ws/src/SnowPlow2021/build/SnowPlow2021/build install --record /home/snowclone/colcon_ws/src/SnowPlow2021/build/SnowPlow2021/install.log --single-version-externally-managed install_data
[2.872s] Level 1:colcon.colcon_core.environment:checking '/home/snowclone/colcon_ws/src/SnowPlow2021/install/SnowPlow2021' for CMake module files
[2.874s] Level 1:colcon.colcon_core.environment:checking '/home/snowclone/colcon_ws/src/SnowPlow2021/install/SnowPlow2021' for CMake config files
[2.876s] Level 1:colcon.colcon_core.environment:checking '/home/snowclone/colcon_ws/src/SnowPlow2021/install/SnowPlow2021/lib'
[2.877s] Level 1:colcon.colcon_core.environment:checking '/home/snowclone/colcon_ws/src/SnowPlow2021/install/SnowPlow2021/bin'
[2.877s] Level 1:colcon.colcon_core.environment:checking '/home/snowclone/colcon_ws/src/SnowPlow2021/install/SnowPlow2021/lib/pkgconfig/SnowPlow2021.pc'
[2.878s] Level 1:colcon.colcon_core.environment:checking '/home/snowclone/colcon_ws/src/SnowPlow2021/install/SnowPlow2021/lib/python3.10/site-packages'
[2.878s] Level 1:colcon.colcon_core.shell:create_environment_hook('SnowPlow2021', 'pythonpath')
[2.879s] INFO:colcon.colcon_core.shell:Creating environment hook '/home/snowclone/colcon_ws/src/SnowPlow2021/install/SnowPlow2021/share/SnowPlow2021/hook/pythonpath.ps1'
[2.881s] INFO:colcon.colcon_core.shell:Creating environment descriptor '/home/snowclone/colcon_ws/src/SnowPlow2021/install/SnowPlow2021/share/SnowPlow2021/hook/pythonpath.dsv'
[2.882s] INFO:colcon.colcon_core.shell:Creating environment hook '/home/snowclone/colcon_ws/src/SnowPlow2021/install/SnowPlow2021/share/SnowPlow2021/hook/pythonpath.sh'
[2.885s] Level 1:colcon.colcon_core.environment:checking '/home/snowclone/colcon_ws/src/SnowPlow2021/install/SnowPlow2021/bin'
[2.885s] Level 1:colcon.colcon_core.environment:create_environment_scripts_only(SnowPlow2021)
[2.886s] INFO:colcon.colcon_core.shell:Creating package script '/home/snowclone/colcon_ws/src/SnowPlow2021/install/SnowPlow2021/share/SnowPlow2021/package.ps1'
[2.891s] INFO:colcon.colcon_core.shell:Creating package descriptor '/home/snowclone/colcon_ws/src/SnowPlow2021/install/SnowPlow2021/share/SnowPlow2021/package.dsv'
[2.894s] INFO:colcon.colcon_core.shell:Creating package script '/home/snowclone/colcon_ws/src/SnowPlow2021/install/SnowPlow2021/share/SnowPlow2021/package.sh'
[2.898s] INFO:colcon.colcon_core.shell:Creating package script '/home/snowclone/colcon_ws/src/SnowPlow2021/install/SnowPlow2021/share/SnowPlow2021/package.bash'
[2.901s] INFO:colcon.colcon_core.shell:Creating package script '/home/snowclone/colcon_ws/src/SnowPlow2021/install/SnowPlow2021/share/SnowPlow2021/package.zsh'
[2.904s] Level 1:colcon.colcon_core.environment:create_file_with_runtime_dependencies(/home/snowclone/colcon_ws/src/SnowPlow2021/install/SnowPlow2021/share/colcon-core/packages/SnowPlow2021)
[2.906s] DEBUG:colcon.colcon_parallel_executor.executor.parallel:closing loop
[2.907s] DEBUG:colcon.colcon_parallel_executor.executor.parallel:loop closed
[2.907s] DEBUG:colcon.colcon_parallel_executor.executor.parallel:run_until_complete finished with '0'
[2.907s] DEBUG:colcon.colcon_core.event_reactor:joining thread
[2.924s] INFO:colcon.colcon_core.plugin_system:Skipping extension 'colcon_notification.desktop_notification.terminal_notifier': Not used on non-Darwin systems
[2.925s] INFO:colcon.colcon_core.plugin_system:Skipping extension 'colcon_notification.desktop_notification.win32': Not used on non-Windows systems
[2.925s] INFO:colcon.colcon_notification.desktop_notification:Sending desktop notification using 'notify2'
[2.982s] DEBUG:colcon.colcon_core.event_reactor:joined thread
[2.982s] INFO:colcon.colcon_core.shell:Creating prefix script '/home/snowclone/colcon_ws/src/SnowPlow2021/install/local_setup.ps1'
[2.985s] INFO:colcon.colcon_core.shell:Creating prefix util module '/home/snowclone/colcon_ws/src/SnowPlow2021/install/_local_setup_util_ps1.py'
[2.989s] INFO:colcon.colcon_core.shell:Creating prefix chain script '/home/snowclone/colcon_ws/src/SnowPlow2021/install/setup.ps1'
[2.992s] INFO:colcon.colcon_core.shell:Creating prefix script '/home/snowclone/colcon_ws/src/SnowPlow2021/install/local_setup.sh'
[2.993s] INFO:colcon.colcon_core.shell:Creating prefix util module '/home/snowclone/colcon_ws/src/SnowPlow2021/install/_local_setup_util_sh.py'
[2.996s] INFO:colcon.colcon_core.shell:Creating prefix chain script '/home/snowclone/colcon_ws/src/SnowPlow2021/install/setup.sh'
[3.000s] INFO:colcon.colcon_core.shell:Creating prefix script '/home/snowclone/colcon_ws/src/SnowPlow2021/install/local_setup.bash'
[3.001s] INFO:colcon.colcon_core.shell:Creating prefix chain script '/home/snowclone/colcon_ws/src/SnowPlow2021/install/setup.bash'
[3.004s] INFO:colcon.colcon_core.shell:Creating prefix script '/home/snowclone/colcon_ws/src/SnowPlow2021/install/local_setup.zsh'
[3.005s] INFO:colcon.colcon_core.shell:Creating prefix chain script '/home/snowclone/colcon_ws/src/SnowPlow2021/install/setup.zsh'
