running egg_info
creating build/SnowPlow2021/SnowPlow2021.egg-info
writing build/SnowPlow2021/SnowPlow2021.egg-info/PKG-INFO
writing dependency_links to build/SnowPlow2021/SnowPlow2021.egg-info/dependency_links.txt
writing entry points to build/SnowPlow2021/SnowPlow2021.egg-info/entry_points.txt
writing requirements to build/SnowPlow2021/SnowPlow2021.egg-info/requires.txt
writing top-level names to build/SnowPlow2021/SnowPlow2021.egg-info/top_level.txt
writing manifest file 'build/SnowPlow2021/SnowPlow2021.egg-info/SOURCES.txt'
reading manifest file 'build/SnowPlow2021/SnowPlow2021.egg-info/SOURCES.txt'
writing manifest file 'build/SnowPlow2021/SnowPlow2021.egg-info/SOURCES.txt'
running build
running build_py
creating /home/snowclone/colcon_ws/src/SnowPlow2021/build/SnowPlow2021/build
creating /home/snowclone/colcon_ws/src/SnowPlow2021/build/SnowPlow2021/build/lib
creating /home/snowclone/colcon_ws/src/SnowPlow2021/build/SnowPlow2021/build/lib/SnowPlow2021
copying SnowPlow2021/__init__.py -> /home/snowclone/colcon_ws/src/SnowPlow2021/build/SnowPlow2021/build/lib/SnowPlow2021
running install
running install_lib
creating /home/snowclone/colcon_ws/src/SnowPlow2021/install/SnowPlow2021/lib/python3.10/site-packages/SnowPlow2021
copying /home/snowclone/colcon_ws/src/SnowPlow2021/build/SnowPlow2021/build/lib/SnowPlow2021/__init__.py -> /home/snowclone/colcon_ws/src/SnowPlow2021/install/SnowPlow2021/lib/python3.10/site-packages/SnowPlow2021
byte-compiling /home/snowclone/colcon_ws/src/SnowPlow2021/install/SnowPlow2021/lib/python3.10/site-packages/SnowPlow2021/__init__.py to __init__.cpython-310.pyc
running install_data
creating /home/snowclone/colcon_ws/src/SnowPlow2021/install/SnowPlow2021/share/ament_index
creating /home/snowclone/colcon_ws/src/SnowPlow2021/install/SnowPlow2021/share/ament_index/resource_index
creating /home/snowclone/colcon_ws/src/SnowPlow2021/install/SnowPlow2021/share/ament_index/resource_index/packages
copying resource/SnowPlow2021 -> /home/snowclone/colcon_ws/src/SnowPlow2021/install/SnowPlow2021/share/ament_index/resource_index/packages
copying package.xml -> /home/snowclone/colcon_ws/src/SnowPlow2021/install/SnowPlow2021/share/SnowPlow2021
running install_egg_info
Copying build/SnowPlow2021/SnowPlow2021.egg-info to /home/snowclone/colcon_ws/src/SnowPlow2021/install/SnowPlow2021/lib/python3.10/site-packages/SnowPlow2021-0.0.0-py3.10.egg-info
running install_scripts
writing list of installed files to '/home/snowclone/colcon_ws/src/SnowPlow2021/build/SnowPlow2021/install.log'
