[0.297s] DEBUG:colcon:Command line arguments: ['/usr/bin/colcon', 'build']
[0.297s] DEBUG:colcon:Parsed command line arguments: Namespace(log_base=None, log_level=None, verb_name='build', build_base='build', install_base='install', merge_install=False, symlink_install=False, test_result_base=None, continue_on_error=False, executor='parallel', parallel_workers=6, event_handlers=None, ignore_user_meta=False, metas=['./colcon.meta'], base_paths=['.'], packages_ignore=None, packages_ignore_regex=None, paths=None, packages_up_to=None, packages_up_to_regex=None, packages_above=None, packages_above_and_dependencies=None, packages_above_depth=None, packages_select_by_dep=None, packages_skip_by_dep=None, packages_skip_up_to=None, packages_select_build_failed=False, packages_skip_build_finished=False, packages_select_test_failures=False, packages_skip_test_passed=False, packages_select=None, packages_skip=None, packages_select_regex=None, packages_skip_regex=None, packages_start=None, packages_end=None, allow_overriding=[], cmake_args=None, cmake_target=None, cmake_target_skip_unavailable=False, cmake_clean_cache=False, cmake_clean_first=False, cmake_force_configure=False, ament_cmake_args=None, catkin_cmake_args=None, catkin_skip_building_tests=False, verb_parser=<colcon_defaults.argument_parser.defaults.DefaultArgumentsDecorator object at 0xffff800d8e80>, verb_extension=<colcon_core.verb.build.BuildVerb object at 0xffff800d8970>, main=<bound method BuildVerb.main of <colcon_core.verb.build.BuildVerb object at 0xffff800d8970>>)
[0.982s] Level 1:colcon.colcon_core.package_discovery:discover_packages(colcon_meta) check parameters
[0.983s] Level 1:colcon.colcon_core.package_discovery:discover_packages(recursive) check parameters
[0.983s] Level 1:colcon.colcon_core.package_discovery:discover_packages(ignore) check parameters
[0.983s] Level 1:colcon.colcon_core.package_discovery:discover_packages(path) check parameters
[0.983s] Level 1:colcon.colcon_core.package_discovery:discover_packages(colcon_meta) discover
[0.983s] Level 1:colcon.colcon_core.package_discovery:discover_packages(recursive) discover
[0.983s] INFO:colcon.colcon_core.package_discovery:Crawling recursively for packages in '/home/snowclone/colcon_ws/src/SnowPlow2021'
[0.983s] Level 1:colcon.colcon_core.package_identification:_identify(.) by extensions ['ignore', 'ignore_ament_install']
[0.984s] Level 1:colcon.colcon_core.package_identification:_identify(.) by extension 'ignore'
[0.984s] Level 1:colcon.colcon_core.package_identification:_identify(.) by extension 'ignore_ament_install'
[0.984s] Level 1:colcon.colcon_core.package_identification:_identify(.) by extensions ['colcon_pkg']
[0.984s] Level 1:colcon.colcon_core.package_identification:_identify(.) by extension 'colcon_pkg'
[0.984s] Level 1:colcon.colcon_core.package_identification:_identify(.) by extensions ['colcon_meta']
[0.984s] Level 1:colcon.colcon_core.package_identification:_identify(.) by extension 'colcon_meta'
[0.984s] Level 1:colcon.colcon_core.package_identification:_identify(.) by extensions ['ros']
[0.984s] Level 1:colcon.colcon_core.package_identification:_identify(.) by extension 'ros'
[1.020s] DEBUG:colcon.colcon_core.package_identification:Package '.' with type 'ros.ament_python' and name 'SnowPlow2021'
[1.020s] Level 1:colcon.colcon_core.package_discovery:discover_packages(recursive) using defaults
[1.020s] Level 1:colcon.colcon_core.package_discovery:discover_packages(ignore) discover
[1.020s] Level 1:colcon.colcon_core.package_discovery:discover_packages(ignore) using defaults
[1.020s] Level 1:colcon.colcon_core.package_discovery:discover_packages(path) discover
[1.021s] Level 1:colcon.colcon_core.package_discovery:discover_packages(path) using defaults
[1.166s] Level 1:colcon.colcon_core.package_discovery:discover_packages(prefix_path) check parameters
[1.167s] Level 1:colcon.colcon_core.package_discovery:discover_packages(prefix_path) discover
[1.195s] DEBUG:colcon.colcon_installed_package_information.package_discovery:Found 5 installed packages in /home/snowclone/colcon_ws/install
[1.199s] DEBUG:colcon.colcon_installed_package_information.package_discovery:Found 379 installed packages in /opt/ros/humble
[1.204s] Level 1:colcon.colcon_core.package_discovery:discover_packages(prefix_path) using defaults
[1.329s] Level 5:colcon.colcon_core.verb:set package 'SnowPlow2021' build argument 'cmake_args' from command line to 'None'
[1.329s] Level 5:colcon.colcon_core.verb:set package 'SnowPlow2021' build argument 'cmake_target' from command line to 'None'
[1.329s] Level 5:colcon.colcon_core.verb:set package 'SnowPlow2021' build argument 'cmake_target_skip_unavailable' from command line to 'False'
[1.329s] Level 5:colcon.colcon_core.verb:set package 'SnowPlow2021' build argument 'cmake_clean_cache' from command line to 'False'
[1.329s] Level 5:colcon.colcon_core.verb:set package 'SnowPlow2021' build argument 'cmake_clean_first' from command line to 'False'
[1.329s] Level 5:colcon.colcon_core.verb:set package 'SnowPlow2021' build argument 'cmake_force_configure' from command line to 'False'
[1.329s] Level 5:colcon.colcon_core.verb:set package 'SnowPlow2021' build argument 'ament_cmake_args' from command line to 'None'
[1.330s] Level 5:colcon.colcon_core.verb:set package 'SnowPlow2021' build argument 'catkin_cmake_args' from command line to 'None'
[1.330s] Level 5:colcon.colcon_core.verb:set package 'SnowPlow2021' build argument 'catkin_skip_building_tests' from command line to 'False'
[1.330s] DEBUG:colcon.colcon_core.verb:Building package 'SnowPlow2021' with the following arguments: {'ament_cmake_args': None, 'build_base': '/home/snowclone/colcon_ws/src/SnowPlow2021/build/SnowPlow2021', 'catkin_cmake_args': None, 'catkin_skip_building_tests': False, 'cmake_args': None, 'cmake_clean_cache': False, 'cmake_clean_first': False, 'cmake_force_configure': False, 'cmake_target': None, 'cmake_target_skip_unavailable': False, 'install_base': '/home/snowclone/colcon_ws/src/SnowPlow2021/install/SnowPlow2021', 'merge_install': False, 'path': '/home/snowclone/colcon_ws/src/SnowPlow2021', 'symlink_install': False, 'test_result_base': None}
[1.330s] INFO:colcon.colcon_core.executor:Executing jobs using 'parallel' executor
[1.332s] DEBUG:colcon.colcon_parallel_executor.executor.parallel:run_until_complete
[1.333s] INFO:colcon.colcon_ros.task.ament_python.build:Building ROS package in '/home/snowclone/colcon_ws/src/SnowPlow2021' with build type 'ament_python'
[1.333s] Level 1:colcon.colcon_core.shell:create_environment_hook('SnowPlow2021', 'ament_prefix_path')
[1.341s] INFO:colcon.colcon_core.plugin_system:Skipping extension 'colcon_core.shell.bat': Not used on non-Windows systems
[1.342s] INFO:colcon.colcon_core.shell:Creating environment hook '/home/snowclone/colcon_ws/src/SnowPlow2021/install/SnowPlow2021/share/SnowPlow2021/hook/ament_prefix_path.ps1'
[1.344s] INFO:colcon.colcon_core.shell:Creating environment descriptor '/home/snowclone/colcon_ws/src/SnowPlow2021/install/SnowPlow2021/share/SnowPlow2021/hook/ament_prefix_path.dsv'
[1.346s] INFO:colcon.colcon_core.shell:Creating environment hook '/home/snowclone/colcon_ws/src/SnowPlow2021/install/SnowPlow2021/share/SnowPlow2021/hook/ament_prefix_path.sh'
[1.348s] INFO:colcon.colcon_core.shell:Skip shell extension 'powershell' for command environment: Not usable outside of PowerShell
[1.348s] DEBUG:colcon.colcon_core.shell:Skip shell extension 'dsv' for command environment
[1.954s] INFO:colcon.colcon_core.task.python.build:Building Python package in '/home/snowclone/colcon_ws/src/SnowPlow2021'
[1.954s] INFO:colcon.colcon_core.shell:Skip shell extension 'powershell' for command environment: Not usable outside of PowerShell
[1.955s] DEBUG:colcon.colcon_core.shell:Skip shell extension 'dsv' for command environment
[2.798s] DEBUG:colcon.colcon_core.event_handler.log_command:Invoking command in '/home/snowclone/colcon_ws/src/SnowPlow2021': PYTHONPATH=/home/snowclone/colcon_ws/src/SnowPlow2021/build/SnowPlow2021/prefix_override:/usr/lib/python3/dist-packages/colcon_core/task/python/colcon_distutils_commands:/home/snowclone/colcon_ws/src/SnowPlow2021/install/SnowPlow2021/lib/python3.10/site-packages:${PYTHONPATH} /usr/bin/python3 -W ignore:setup.py install is deprecated setup.py egg_info --egg-base build/SnowPlow2021 build --build-base /home/snowclone/colcon_ws/src/SnowPlow2021/build/SnowPlow2021/build install --record /home/snowclone/colcon_ws/src/SnowPlow2021/build/SnowPlow2021/install.log --single-version-externally-managed install_data
[3.478s] DEBUG:colcon.colcon_core.event_handler.log_command:Invoked command in '/home/snowclone/colcon_ws/src/SnowPlow2021' returned '0': PYTHONPATH=/home/snowclone/colcon_ws/src/SnowPlow2021/build/SnowPlow2021/prefix_override:/usr/lib/python3/dist-packages/colcon_core/task/python/colcon_distutils_commands:/home/snowclone/colcon_ws/src/SnowPlow2021/install/SnowPlow2021/lib/python3.10/site-packages:${PYTHONPATH} /usr/bin/python3 -W ignore:setup.py install is deprecated setup.py egg_info --egg-base build/SnowPlow2021 build --build-base /home/snowclone/colcon_ws/src/SnowPlow2021/build/SnowPlow2021/build install --record /home/snowclone/colcon_ws/src/SnowPlow2021/build/SnowPlow2021/install.log --single-version-externally-managed install_data
[3.492s] Level 1:colcon.colcon_core.environment:checking '/home/snowclone/colcon_ws/src/SnowPlow2021/install/SnowPlow2021' for CMake module files
[3.494s] Level 1:colcon.colcon_core.environment:checking '/home/snowclone/colcon_ws/src/SnowPlow2021/install/SnowPlow2021' for CMake config files
[3.496s] Level 1:colcon.colcon_core.environment:checking '/home/snowclone/colcon_ws/src/SnowPlow2021/install/SnowPlow2021/lib'
[3.497s] Level 1:colcon.colcon_core.environment:checking '/home/snowclone/colcon_ws/src/SnowPlow2021/install/SnowPlow2021/bin'
[3.497s] Level 1:colcon.colcon_core.environment:checking '/home/snowclone/colcon_ws/src/SnowPlow2021/install/SnowPlow2021/lib/pkgconfig/SnowPlow2021.pc'
[3.498s] Level 1:colcon.colcon_core.environment:checking '/home/snowclone/colcon_ws/src/SnowPlow2021/install/SnowPlow2021/lib/python3.10/site-packages'
[3.498s] Level 1:colcon.colcon_core.shell:create_environment_hook('SnowPlow2021', 'pythonpath')
[3.499s] INFO:colcon.colcon_core.shell:Creating environment hook '/home/snowclone/colcon_ws/src/SnowPlow2021/install/SnowPlow2021/share/SnowPlow2021/hook/pythonpath.ps1'
[3.501s] INFO:colcon.colcon_core.shell:Creating environment descriptor '/home/snowclone/colcon_ws/src/SnowPlow2021/install/SnowPlow2021/share/SnowPlow2021/hook/pythonpath.dsv'
[3.502s] INFO:colcon.colcon_core.shell:Creating environment hook '/home/snowclone/colcon_ws/src/SnowPlow2021/install/SnowPlow2021/share/SnowPlow2021/hook/pythonpath.sh'
[3.504s] Level 1:colcon.colcon_core.environment:checking '/home/snowclone/colcon_ws/src/SnowPlow2021/install/SnowPlow2021/bin'
[3.504s] Level 1:colcon.colcon_core.environment:create_environment_scripts_only(SnowPlow2021)
[3.505s] INFO:colcon.colcon_core.shell:Creating package script '/home/snowclone/colcon_ws/src/SnowPlow2021/install/SnowPlow2021/share/SnowPlow2021/package.ps1'
[3.508s] INFO:colcon.colcon_core.shell:Creating package descriptor '/home/snowclone/colcon_ws/src/SnowPlow2021/install/SnowPlow2021/share/SnowPlow2021/package.dsv'
[3.510s] INFO:colcon.colcon_core.shell:Creating package script '/home/snowclone/colcon_ws/src/SnowPlow2021/install/SnowPlow2021/share/SnowPlow2021/package.sh'
[3.514s] INFO:colcon.colcon_core.shell:Creating package script '/home/snowclone/colcon_ws/src/SnowPlow2021/install/SnowPlow2021/share/SnowPlow2021/package.bash'
[3.517s] INFO:colcon.colcon_core.shell:Creating package script '/home/snowclone/colcon_ws/src/SnowPlow2021/install/SnowPlow2021/share/SnowPlow2021/package.zsh'
[3.520s] Level 1:colcon.colcon_core.environment:create_file_with_runtime_dependencies(/home/snowclone/colcon_ws/src/SnowPlow2021/install/SnowPlow2021/share/colcon-core/packages/SnowPlow2021)
[3.522s] DEBUG:colcon.colcon_parallel_executor.executor.parallel:closing loop
[3.523s] DEBUG:colcon.colcon_parallel_executor.executor.parallel:loop closed
[3.523s] DEBUG:colcon.colcon_parallel_executor.executor.parallel:run_until_complete finished with '0'
[3.524s] DEBUG:colcon.colcon_core.event_reactor:joining thread
[3.546s] INFO:colcon.colcon_core.plugin_system:Skipping extension 'colcon_notification.desktop_notification.terminal_notifier': Not used on non-Darwin systems
[3.546s] INFO:colcon.colcon_core.plugin_system:Skipping extension 'colcon_notification.desktop_notification.win32': Not used on non-Windows systems
[3.546s] INFO:colcon.colcon_notification.desktop_notification:Sending desktop notification using 'notify2'
[3.602s] DEBUG:colcon.colcon_core.event_reactor:joined thread
[3.603s] INFO:colcon.colcon_core.shell:Creating prefix script '/home/snowclone/colcon_ws/src/SnowPlow2021/install/local_setup.ps1'
[3.607s] INFO:colcon.colcon_core.shell:Creating prefix util module '/home/snowclone/colcon_ws/src/SnowPlow2021/install/_local_setup_util_ps1.py'
[3.611s] INFO:colcon.colcon_core.shell:Creating prefix chain script '/home/snowclone/colcon_ws/src/SnowPlow2021/install/setup.ps1'
[3.614s] INFO:colcon.colcon_core.shell:Creating prefix script '/home/snowclone/colcon_ws/src/SnowPlow2021/install/local_setup.sh'
[3.617s] INFO:colcon.colcon_core.shell:Creating prefix util module '/home/snowclone/colcon_ws/src/SnowPlow2021/install/_local_setup_util_sh.py'
[3.618s] INFO:colcon.colcon_core.shell:Creating prefix chain script '/home/snowclone/colcon_ws/src/SnowPlow2021/install/setup.sh'
[3.621s] INFO:colcon.colcon_core.shell:Creating prefix script '/home/snowclone/colcon_ws/src/SnowPlow2021/install/local_setup.bash'
[3.622s] INFO:colcon.colcon_core.shell:Creating prefix chain script '/home/snowclone/colcon_ws/src/SnowPlow2021/install/setup.bash'
[3.625s] INFO:colcon.colcon_core.shell:Creating prefix script '/home/snowclone/colcon_ws/src/SnowPlow2021/install/local_setup.zsh'
[3.626s] INFO:colcon.colcon_core.shell:Creating prefix chain script '/home/snowclone/colcon_ws/src/SnowPlow2021/install/setup.zsh'
